[01:03:51] [main/DEBUG] [FML/]: Injecting tracing printstreams for STDOUT/STDERR.
[01:03:51] [main/INFO] [FML/]: Forge Mod Loader version 11.15.0.1674 for Minecraft 1.8.9 loading
[01:03:51] [main/INFO] [FML/]: Java is Java HotSpot(TM) 64-Bit Server VM, version 1.8.0_31, running on Windows 8.1:amd64:6.3, installed at C:\Program Files\Java\jre1.8.0_31
[01:03:51] [main/DEBUG] [FML/]: Java classpath at launch is C:\Users\David\Documents\MC\forge-1.8.9\bin;C:\Users\David\.gradle\caches\minecraft\net\minecraftforge\forge\1.8.9-11.15.0.1674\stable\20\forgeSrc-1.8.9-11.15.0.1674.jar;C:\Users\David\.gradle\caches\modules-2\files-2.1\oshi-project\oshi-core\1.1\9ddf7b048a8d701be231c0f4f95fd986198fd2d8\oshi-core-1.1.jar;C:\Users\David\.gradle\caches\modules-2\files-2.1\net.java.dev.jna\jna\3.4.0\803ff252fedbd395baffd43b37341dc4a150a554\jna-3.4.0.jar;C:\Users\David\.gradle\caches\modules-2\files-2.1\net.java.dev.jna\platform\3.4.0\e3f70017be8100d3d6923f50b3d2ee17714e9c13\platform-3.4.0.jar;C:\Users\David\.gradle\caches\modules-2\files-2.1\com.ibm.icu\icu4j-core-mojang\51.2\63d216a9311cca6be337c1e458e587f99d382b84\icu4j-core-mojang-51.2.jar;C:\Users\David\.gradle\caches\modules-2\files-2.1\net.sf.jopt-simple\jopt-simple\4.6\306816fb57cf94f108a43c95731b08934dcae15c\jopt-simple-4.6.jar;C:\Users\David\.gradle\caches\modules-2\files-2.1\com.paulscode\codecjorbis\20101023\c73b5636faf089d9f00e8732a829577de25237ee\codecjorbis-20101023.jar;C:\Users\David\.gradle\caches\modules-2\files-2.1\com.paulscode\codecwav\20101023\12f031cfe88fef5c1dd36c563c0a3a69bd7261da\codecwav-20101023.jar;C:\Users\David\.gradle\caches\modules-2\files-2.1\com.paulscode\libraryjavasound\20101123\5c5e304366f75f9eaa2e8cca546a1fb6109348b3\libraryjavasound-20101123.jar;C:\Users\David\.gradle\caches\modules-2\files-2.1\com.paulscode\librarylwjglopenal\20100824\73e80d0794c39665aec3f62eee88ca91676674ef\librarylwjglopenal-20100824.jar;C:\Users\David\.gradle\caches\modules-2\files-2.1\com.paulscode\soundsystem\20120107\419c05fe9be71f792b2d76cfc9b67f1ed0fec7f6\soundsystem-20120107.jar;C:\Users\David\.gradle\caches\modules-2\files-2.1\io.netty\netty-all\4.0.23.Final\294104aaf1781d6a56a07d561e792c5d0c95f45\netty-all-4.0.23.Final.jar;C:\Users\David\.gradle\caches\modules-2\files-2.1\com.google.guava\guava\17.0\9c6ef172e8de35fd8d4d8783e4821e57cdef7445\guava-17.0.jar;C:\Users\David\.gradle\caches\modules-2\files-2.1\org.apache.commons\commons-lang3\3.3.2\90a3822c38ec8c996e84c16a3477ef632cbc87a3\commons-lang3-3.3.2.jar;C:\Users\David\.gradle\caches\modules-2\files-2.1\commons-io\commons-io\2.4\b1b6ea3b7e4aa4f492509a4952029cd8e48019ad\commons-io-2.4.jar;C:\Users\David\.gradle\caches\modules-2\files-2.1\commons-codec\commons-codec\1.9\9ce04e34240f674bc72680f8b843b1457383161a\commons-codec-1.9.jar;C:\Users\David\.gradle\caches\modules-2\files-2.1\net.java.jinput\jinput\2.0.5\39c7796b469a600f72380316f6b1f11db6c2c7c4\jinput-2.0.5.jar;C:\Users\David\.gradle\caches\modules-2\files-2.1\net.java.jutils\jutils\1.0.0\e12fe1fda814bd348c1579329c86943d2cd3c6a6\jutils-1.0.0.jar;C:\Users\David\.gradle\caches\modules-2\files-2.1\com.google.code.gson\gson\2.2.4\a60a5e993c98c864010053cb901b7eab25306568\gson-2.2.4.jar;C:\Users\David\.gradle\caches\modules-2\files-2.1\com.mojang\authlib\1.5.21\aefba0d5b53fbcb70860bc8046ab95d5854c07a5\authlib-1.5.21.jar;C:\Users\David\.gradle\caches\modules-2\files-2.1\com.mojang\realms\1.7.48\b1d6dc687a7b80ba444a12c5bd30c3db64553443\realms-1.7.48.jar;C:\Users\David\.gradle\caches\modules-2\files-2.1\org.apache.commons\commons-compress\1.8.1\a698750c16740fd5b3871425f4cb3bbaa87f529d\commons-compress-1.8.1.jar;C:\Users\David\.gradle\caches\modules-2\files-2.1\org.apache.httpcomponents\httpclient\4.3.3\18f4247ff4572a074444572cee34647c43e7c9c7\httpclient-4.3.3.jar;C:\Users\David\.gradle\caches\modules-2\files-2.1\commons-logging\commons-logging\1.1.3\f6f66e966c70a83ffbdb6f17a0919eaf7c8aca7f\commons-logging-1.1.3.jar;C:\Users\David\.gradle\caches\modules-2\files-2.1\org.apache.httpcomponents\httpcore\4.3.2\31fbbff1ddbf98f3aa7377c94d33b0447c646b6e\httpcore-4.3.2.jar;C:\Users\David\.gradle\caches\modules-2\files-2.1\org.apache.logging.log4j\log4j-api\2.0-beta9\1dd66e68cccd907880229f9e2de1314bd13ff785\log4j-api-2.0-beta9.jar;C:\Users\David\.gradle\caches\modules-2\files-2.1\org.apache.logging.log4j\log4j-core\2.0-beta9\678861ba1b2e1fccb594bb0ca03114bb05da9695\log4j-core-2.0-beta9.jar;C:\Users\David\.gradle\caches\modules-2\files-2.1\org.lwjgl.lwjgl\lwjgl\2.9.4-nightly-20150209\697517568c68e78ae0b4544145af031c81082dfe\lwjgl-2.9.4-nightly-20150209.jar;C:\Users\David\.gradle\caches\modules-2\files-2.1\org.lwjgl.lwjgl\lwjgl_util\2.9.4-nightly-20150209\d51a7c040a721d13efdfbd34f8b257b2df882ad0\lwjgl_util-2.9.4-nightly-20150209.jar;C:\Users\David\.gradle\caches\modules-2\files-2.1\tv.twitch\twitch\6.5\320a2dfd18513a5f41b4e75729df684488cbd925\twitch-6.5.jar;C:\Users\David\.gradle\caches\modules-2\files-2.1\net.minecraft\launchwrapper\1.12\111e7bea9c968cdb3d06ef4632bf7ff0824d0f36\launchwrapper-1.12.jar;C:\Users\David\.gradle\caches\modules-2\files-2.1\jline\jline\2.13\2d9530d0a25daffaffda7c35037b046b627bb171\jline-2.13.jar;C:\Users\David\.gradle\caches\modules-2\files-2.1\org.ow2.asm\asm-debug-all\5.0.3\f9e364ae2a66ce2a543012a4668856e84e5dab74\asm-debug-all-5.0.3.jar;C:\Users\David\.gradle\caches\modules-2\files-2.1\com.typesafe.akka\akka-actor_2.11\2.3.3\ed62e9fc709ca0f2ff1a3220daa8b70a2870078e\akka-actor_2.11-2.3.3.jar;C:\Users\David\.gradle\caches\modules-2\files-2.1\com.typesafe\config\1.2.1\f771f71fdae3df231bcd54d5ca2d57f0bf93f467\config-1.2.1.jar;C:\Users\David\.gradle\caches\modules-2\files-2.1\org.scala-lang\scala-actors-migration_2.11\1.1.0\dfa8bc42b181d5b9f1a5dd147f8ae308b893eb6f\scala-actors-migration_2.11-1.1.0.jar;C:\Users\David\.gradle\caches\modules-2\files-2.1\org.scala-lang\scala-compiler\2.11.1\56ea2e6c025e0821f28d73ca271218b8dd04926a\scala-compiler-2.11.1.jar;C:\Users\David\.gradle\caches\modules-2\files-2.1\org.scala-lang.plugins\scala-continuations-library_2.11\1.0.2\e517c53a7e9acd6b1668c5a35eccbaa3bab9aac\scala-continuations-library_2.11-1.0.2.jar;C:\Users\David\.gradle\caches\modules-2\files-2.1\org.scala-lang.plugins\scala-continuations-plugin_2.11.1\1.0.2\f361a3283452c57fa30c1ee69448995de23c60f7\scala-continuations-plugin_2.11.1-1.0.2.jar;C:\Users\David\.gradle\caches\modules-2\files-2.1\org.scala-lang\scala-library\2.11.1\e11da23da3eabab9f4777b9220e60d44c1aab6a\scala-library-2.11.1.jar;C:\Users\David\.gradle\caches\modules-2\files-2.1\org.scala-lang.modules\scala-parser-combinators_2.11\1.0.1\f05d7345bf5a58924f2837c6c1f4d73a938e1ff0\scala-parser-combinators_2.11-1.0.1.jar;C:\Users\David\.gradle\caches\modules-2\files-2.1\org.scala-lang\scala-reflect\2.11.1\6580347e61cc7f8e802941e7fde40fa83b8badeb\scala-reflect-2.11.1.jar;C:\Users\David\.gradle\caches\modules-2\files-2.1\org.scala-lang.modules\scala-swing_2.11\1.0.1\b1cdd92bd47b1e1837139c1c53020e86bb9112ae\scala-swing_2.11-1.0.1.jar;C:\Users\David\.gradle\caches\modules-2\files-2.1\org.scala-lang.modules\scala-xml_2.11\1.0.2\820fbca7e524b530fdadc594c39d49a21ea0337e\scala-xml_2.11-1.0.2.jar;C:\Users\David\.gradle\caches\modules-2\files-2.1\lzma\lzma\0.0.1\521616dc7487b42bef0e803bd2fa3faf668101d7\lzma-0.0.1.jar;C:\Users\David\.gradle\caches\modules-2\files-2.1\java3d\vecmath\1.5.2\79846ba34cbd89e2422d74d53752f993dcc2ccaf\vecmath-1.5.2.jar;C:\Users\David\.gradle\caches\modules-2\files-2.1\net.sf.trove4j\trove4j\3.0.3\42ccaf4761f0dfdfa805c9e340d99a755907e2dd\trove4j-3.0.3.jar;C:\Users\David\.gradle\caches\modules-2\files-2.1\net.java.jinput\jinput-platform\2.0.5\7ff832a6eb9ab6a767f1ade2b548092d0fa64795\jinput-platform-2.0.5-natives-linux.jar;C:\Users\David\.gradle\caches\modules-2\files-2.1\net.java.jinput\jinput-platform\2.0.5\385ee093e01f587f30ee1c8a2ee7d408fd732e16\jinput-platform-2.0.5-natives-windows.jar;C:\Users\David\.gradle\caches\modules-2\files-2.1\net.java.jinput\jinput-platform\2.0.5\53f9c919f34d2ca9de8c51fc4e1e8282029a9232\jinput-platform-2.0.5-natives-osx.jar;C:\Users\David\.gradle\caches\modules-2\files-2.1\tv.twitch\twitch-platform\6.5\206c4ccaecdbcfd2a1631150c69a97bbc9c20c11\twitch-platform-6.5-natives-windows-32.jar;C:\Users\David\.gradle\caches\modules-2\files-2.1\tv.twitch\twitch-platform\6.5\9fdd0fd5aed0817063dcf95b69349a171f447ebd\twitch-platform-6.5-natives-windows-64.jar;C:\Users\David\.gradle\caches\modules-2\files-2.1\tv.twitch\twitch-platform\6.5\5f9d1ee26257b3a33f0ca06fed335ef462af659f\twitch-platform-6.5-natives-osx.jar;C:\Users\David\.gradle\caches\modules-2\files-2.1\tv.twitch\twitch-external-platform\4.5\18215140f010c05b9f86ef6f0f8871954d2ccebf\twitch-external-platform-4.5-natives-windows-32.jar;C:\Users\David\.gradle\caches\modules-2\files-2.1\tv.twitch\twitch-external-platform\4.5\c3cde57891b935d41b6680a9c5e1502eeab76d86\twitch-external-platform-4.5-natives-windows-64.jar;C:\Users\David\.gradle\caches\modules-2\files-2.1\org.fusesource.jansi\jansi\1.11\655c643309c2f45a56a747fda70e3fadf57e9f11\jansi-1.11.jar;C:\Users\David\.gradle\caches\modules-2\files-2.1\org.scala-lang\scala-actors\2.11.0\8ccfb6541de179bb1c4d45cf414acee069b7f78b\scala-actors-2.11.0.jar;C:\Users\David\.gradle\caches\modules-2\files-2.1\org.lwjgl.lwjgl\lwjgl-platform\2.9.4-nightly-20150209\b84d5102b9dbfabfeb5e43c7e2828d98a7fc80e0\lwjgl-platform-2.9.4-nightly-20150209-natives-windows.jar;C:\Users\David\.gradle\caches\modules-2\files-2.1\org.lwjgl.lwjgl\lwjgl-platform\2.9.4-nightly-20150209\931074f46c795d2f7b30ed6395df5715cfd7675b\lwjgl-platform-2.9.4-nightly-20150209-natives-linux.jar;C:\Users\David\.gradle\caches\modules-2\files-2.1\org.lwjgl.lwjgl\lwjgl-platform\2.9.4-nightly-20150209\bcab850f8f487c3f4c4dbabde778bb82bd1a40ed\lwjgl-platform-2.9.4-nightly-20150209-natives-osx.jar;C:\Users\David\.gradle\caches\modules-2\files-2.1\com.google.code.findbugs\jsr305\2.0.1\516c03b21d50a644d538de0f0369c620989cd8f0\jsr305-2.0.1.jar;C:\Users\David\.gradle\caches\minecraft\deobfedDeps\compileDummy.jar;C:\Users\David\.gradle\caches\minecraft\deobfedDeps\providedDummy.jar;C:\Users\David\.gradle\caches\minecraft\net\minecraftforge\forge\1.8.9-11.15.0.1674\start
[01:03:51] [main/DEBUG] [FML/]: Java library path at launch is C:\Program Files\Java\jre1.8.0_31\bin;C:\WINDOWS\Sun\Java\bin;C:\WINDOWS\system32;C:\WINDOWS;C:/Program Files/Java/jre1.8.0_31/bin/server;C:/Program Files/Java/jre1.8.0_31/bin;C:/Program Files/Java/jre1.8.0_31/lib/amd64;C:\Program Files\Haskell\bin;C:\Program Files\Haskell Platform\7.10.2-a\lib\extralibs\bin;C:\Program Files\Haskell Platform\7.10.2-a\bin;C:\ProgramData\Oracle\Java\javapath;C:\Program Files (x86)\Intel\iCLS Client\;C:\Program Files\Intel\iCLS Client\;C:\Windows\system32;C:\Windows;C:\Windows\System32\Wbem;C:\Windows\System32\WindowsPowerShell\v1.0\;C:\Program Files\Intel\Intel(R) Management Engine Components\DAL;C:\Program Files (x86)\Intel\Intel(R) Management Engine Components\DAL;C:\Program Files\Intel\Intel(R) Management Engine Components\IPT;C:\Program Files (x86)\Intel\Intel(R) Management Engine Components\IPT;C:\Program Files (x86)\CMake\bin;C:\Program Files (x86)\Windows Kits\8.1\Windows Performance Toolkit\;C:\Program Files\Microsoft SQL Server\110\Tools\Binn\;C:\Program Files\TortoiseSVN\bin;C:\Program Files\Intel\WiFi\bin\;C:\Program Files\Common Files\Intel\WirelessCommon\;C:\Program Files (x86)\Git\cmd;C:\Program Files\Microsoft SQL Server\120\Tools\Binn\;C:\Program Files (x86)\NVIDIA Corporation\PhysX\Common;C:\Program Files\nodejs\;C:\WINDOWS\system32;C:\WINDOWS;C:\WINDOWS\System32\Wbem;C:\WINDOWS\System32\WindowsPowerShell\v1.0\;C:\Program Files\Perforce;C:\Program Files\Haskell Platform\7.10.2-a\mingw\bin;C:\WINDOWS\system32\config\systemprofile\.dnx\bin;C:\Program Files\Microsoft DNX\Dnvm\;C:\Program Files (x86)\Windows Kits\10\Windows Performance Toolkit\;C:\Program Files (x86)\Microsoft Emulator Manager\1.0\;C:\Program Files (x86)\Skype\Phone\;C:\Program Files\Java\jdk1.8.0_25\bin;C:\MinGW\bin;C:\Ruby22-x64\bin;C:\Users\David\AppData\Roaming\cabal\bin;C:\"Program Files"\Intel\WiFi\bin\;C:\"Program Files"\Common Files\Intel\WirelessCommon\;C:\"Program Files"\GIMP 2\bin;C:\Users\David\AppData\Roaming\npm;C:\php;C:\Python34;C:\"Program Files"\Perforce\Server;C:\"Program Files (x86)"\Vim\vim74;C:\MinGW\bin;C:\Program Files\eclipse;;.;C:/Users/David/.gradle/caches/minecraft/net/minecraft/natives/1.8.9
[01:03:51] [main/INFO] [FML/]: Managed to load a deobfuscated Minecraft name- we are in a deobfuscated environment. Skipping runtime deobfuscation
[01:03:51] [main/DEBUG] [FML/]: Instantiating coremod class FMLCorePlugin
[01:03:51] [main/DEBUG] [FML/]: Added access transformer class net.minecraftforge.fml.common.asm.transformers.AccessTransformer to enqueued access transformers
[01:03:51] [main/DEBUG] [FML/]: Enqueued coremod FMLCorePlugin
[01:03:51] [main/DEBUG] [FML/]: Instantiating coremod class FMLForgePlugin
[01:03:51] [main/DEBUG] [FML/]: Enqueued coremod FMLForgePlugin
[01:03:51] [main/DEBUG] [FML/]: All fundamental core mods are successfully located
[01:03:51] [main/DEBUG] [FML/]: Attempting to load commandline specified mods, relative to C:\Users\David\Documents\MC\forge-1.8.9\.
[01:03:51] [main/DEBUG] [FML/]: Discovering coremods
[01:03:51] [main/INFO] [LaunchWrapper/]: Calling tweak class net.minecraftforge.gradle.tweakers.CoremodTweaker
[01:03:51] [main/INFO] [GradleStart/]: Injecting location in coremod net.minecraftforge.fml.relauncher.FMLCorePlugin
[01:03:51] [main/INFO] [GradleStart/]: Injecting location in coremod net.minecraftforge.classloading.FMLForgePlugin
[01:03:51] [main/INFO] [LaunchWrapper/]: Loading tweak class name net.minecraftforge.fml.common.launcher.FMLInjectionAndSortingTweaker
[01:03:51] [main/INFO] [LaunchWrapper/]: Loading tweak class name net.minecraftforge.fml.common.launcher.FMLDeobfTweaker
[01:03:51] [main/INFO] [LaunchWrapper/]: Loading tweak class name net.minecraftforge.gradle.tweakers.AccessTransformerTweaker
[01:03:51] [main/INFO] [LaunchWrapper/]: Calling tweak class net.minecraftforge.fml.common.launcher.FMLInjectionAndSortingTweaker
[01:03:51] [main/INFO] [LaunchWrapper/]: Calling tweak class net.minecraftforge.fml.common.launcher.FMLInjectionAndSortingTweaker
[01:03:51] [main/INFO] [LaunchWrapper/]: Calling tweak class net.minecraftforge.fml.relauncher.CoreModManager$FMLPluginWrapper
[01:03:51] [main/DEBUG] [FML/]: Injecting coremod FMLCorePlugin {net.minecraftforge.fml.relauncher.FMLCorePlugin} class transformers
[01:03:51] [main/TRACE] [FML/]: Registering transformer net.minecraftforge.fml.common.asm.transformers.BlamingTransformer
[01:03:51] [main/TRACE] [FML/]: Registering transformer net.minecraftforge.fml.common.asm.transformers.SideTransformer
[01:03:51] [main/TRACE] [FML/]: Registering transformer net.minecraftforge.fml.common.asm.transformers.EventSubscriptionTransformer
[01:03:51] [main/TRACE] [FML/]: Registering transformer net.minecraftforge.fml.common.asm.transformers.EventSubscriberTransformer
[01:03:51] [main/DEBUG] [FML/]: Injection complete
[01:03:51] [main/DEBUG] [FML/]: Running coremod plugin for FMLCorePlugin {net.minecraftforge.fml.relauncher.FMLCorePlugin}
[01:03:51] [main/DEBUG] [FML/]: Running coremod plugin FMLCorePlugin
[01:03:51] [main/ERROR] [FML/]: The binary patch set is missing. Either you are in a development environment, or things are not going to work!
[01:03:52] [main/ERROR] [FML/]: FML appears to be missing any signature data. This is not a good thing
[01:03:52] [main/DEBUG] [FML/]: Coremod plugin class FMLCorePlugin run successfully
[01:03:52] [main/INFO] [LaunchWrapper/]: Calling tweak class net.minecraftforge.fml.relauncher.CoreModManager$FMLPluginWrapper
[01:03:52] [main/DEBUG] [FML/]: Injecting coremod FMLForgePlugin {net.minecraftforge.classloading.FMLForgePlugin} class transformers
[01:03:52] [main/DEBUG] [FML/]: Injection complete
[01:03:52] [main/DEBUG] [FML/]: Running coremod plugin for FMLForgePlugin {net.minecraftforge.classloading.FMLForgePlugin}
[01:03:52] [main/DEBUG] [FML/]: Running coremod plugin FMLForgePlugin
[01:03:52] [main/DEBUG] [FML/]: Coremod plugin class FMLForgePlugin run successfully
[01:03:52] [main/INFO] [LaunchWrapper/]: Calling tweak class net.minecraftforge.fml.common.launcher.FMLDeobfTweaker
[01:03:52] [main/DEBUG] [FML/]: Loaded 162 rules from AccessTransformer config file forge_at.cfg
[01:03:52] [main/DEBUG] [FML/]: Validating minecraft
[01:03:53] [main/DEBUG] [FML/]: Minecraft validated, launching...
[01:03:53] [main/INFO] [LaunchWrapper/]: Calling tweak class net.minecraftforge.gradle.tweakers.AccessTransformerTweaker
[01:03:53] [main/INFO] [LaunchWrapper/]: Loading tweak class name net.minecraftforge.fml.common.launcher.TerminalTweaker
[01:03:53] [main/INFO] [LaunchWrapper/]: Calling tweak class net.minecraftforge.fml.common.launcher.TerminalTweaker
[01:03:53] [main/INFO] [LaunchWrapper/]: Launching wrapped minecraft {net.minecraft.client.main.Main}
[01:03:58] [Client thread/WARN] [FML/]: =============================================================
[01:03:58] [Client thread/WARN] [FML/]: MOD HAS DIRECT REFERENCE System.exit() THIS IS NOT ALLOWED REROUTING TO FML!
[01:03:58] [Client thread/WARN] [FML/]: Offendor: com/sun/jna/Native.main([Ljava/lang/String;)V
[01:03:58] [Client thread/WARN] [FML/]: Use FMLCommonHandler.exitJava instead
[01:03:58] [Client thread/WARN] [FML/]: =============================================================
[01:03:59] [Client thread/DEBUG] [FML/]: Bar Finished: Loading Resource - LanguageManager took 0.005s
[01:03:59] [Client thread/INFO] [FML/]: Could not load splash.properties, will create a default one
[01:03:59] [Client thread/INFO] [STDOUT/]: [net.minecraftforge.fml.client.SplashProgress:start:246]: ---- Minecraft Crash Report ----
// Why is it breaking :(

Time: 1/4/16 1:03 AM
Description: Loading screen debug info

This is just a prompt for computer specs to be printed. THIS IS NOT A ERROR


A detailed walkthrough of the error, its code path and all known details is as follows:
---------------------------------------------------------------------------------------

-- System Details --
Details:
	Minecraft Version: 1.8.9
	Operating System: Windows 8.1 (amd64) version 6.3
	Java Version: 1.8.0_31, Oracle Corporation
	Java VM Version: Java HotSpot(TM) 64-Bit Server VM (mixed mode), Oracle Corporation
	Memory: 942524704 bytes (898 MB) / 1037959168 bytes (989 MB) up to 1037959168 bytes (989 MB)
	JVM Flags: 3 total; -Xincgc -Xmx1024M -Xms1024M
	IntCache: cache: 0, tcache: 0, allocated: 0, tallocated: 0
	FML: 
	Loaded coremods (and transformers): 
	GL info: ' Vendor: 'NVIDIA Corporation' Version: '4.5.0 NVIDIA 359.06' Renderer: 'GeForce GTX 970M/PCIe/SSE2'
[01:03:59] [Client thread/INFO] [FML/]: MinecraftForge v11.15.0.1674 Initialized
[01:03:59] [Client thread/INFO] [FML/]: Replaced 204 ore recipies
[01:03:59] [Client thread/DEBUG] [FML/]: File C:\Users\David\Documents\MC\forge-1.8.9\config\injectedDependencies.json not found. No dependencies injected
[01:03:59] [Client thread/DEBUG] [FML/]: Building injected Mod Containers [net.minecraftforge.fml.common.FMLContainer, net.minecraftforge.common.ForgeModContainer]
[01:03:59] [Client thread/DEBUG] [FML/]: Attempting to load mods contained in the minecraft jar file and associated classes
[01:03:59] [Client thread/DEBUG] [FML/]: Found a minecraft related directory at C:\Users\David\Documents\MC\forge-1.8.9\bin, examining for mod candidates
[01:03:59] [Client thread/DEBUG] [FML/]: Found a minecraft related file at C:\Users\David\.gradle\caches\minecraft\net\minecraftforge\forge\1.8.9-11.15.0.1674\stable\20\forgeSrc-1.8.9-11.15.0.1674.jar, examining for mod candidates
[01:03:59] [Client thread/DEBUG] [FML/]: Found a minecraft related file at C:\Users\David\.gradle\caches\modules-2\files-2.1\oshi-project\oshi-core\1.1\9ddf7b048a8d701be231c0f4f95fd986198fd2d8\oshi-core-1.1.jar, examining for mod candidates
[01:03:59] [Client thread/DEBUG] [FML/]: Found a minecraft related file at C:\Users\David\.gradle\caches\modules-2\files-2.1\net.java.dev.jna\jna\3.4.0\803ff252fedbd395baffd43b37341dc4a150a554\jna-3.4.0.jar, examining for mod candidates
[01:03:59] [Client thread/DEBUG] [FML/]: Found a minecraft related file at C:\Users\David\.gradle\caches\modules-2\files-2.1\net.java.dev.jna\platform\3.4.0\e3f70017be8100d3d6923f50b3d2ee17714e9c13\platform-3.4.0.jar, examining for mod candidates
[01:03:59] [Client thread/TRACE] [FML/]: Skipping known library file C:\Users\David\.gradle\caches\modules-2\files-2.1\com.ibm.icu\icu4j-core-mojang\51.2\63d216a9311cca6be337c1e458e587f99d382b84\icu4j-core-mojang-51.2.jar
[01:03:59] [Client thread/TRACE] [FML/]: Skipping known library file C:\Users\David\.gradle\caches\modules-2\files-2.1\net.sf.jopt-simple\jopt-simple\4.6\306816fb57cf94f108a43c95731b08934dcae15c\jopt-simple-4.6.jar
[01:03:59] [Client thread/TRACE] [FML/]: Skipping known library file C:\Users\David\.gradle\caches\modules-2\files-2.1\com.paulscode\codecjorbis\20101023\c73b5636faf089d9f00e8732a829577de25237ee\codecjorbis-20101023.jar
[01:03:59] [Client thread/TRACE] [FML/]: Skipping known library file C:\Users\David\.gradle\caches\modules-2\files-2.1\com.paulscode\codecwav\20101023\12f031cfe88fef5c1dd36c563c0a3a69bd7261da\codecwav-20101023.jar
[01:03:59] [Client thread/DEBUG] [FML/]: Found a minecraft related file at C:\Users\David\.gradle\caches\modules-2\files-2.1\com.paulscode\libraryjavasound\20101123\5c5e304366f75f9eaa2e8cca546a1fb6109348b3\libraryjavasound-20101123.jar, examining for mod candidates
[01:03:59] [Client thread/TRACE] [FML/]: Skipping known library file C:\Users\David\.gradle\caches\modules-2\files-2.1\com.paulscode\librarylwjglopenal\20100824\73e80d0794c39665aec3f62eee88ca91676674ef\librarylwjglopenal-20100824.jar
[01:03:59] [Client thread/TRACE] [FML/]: Skipping known library file C:\Users\David\.gradle\caches\modules-2\files-2.1\com.paulscode\soundsystem\20120107\419c05fe9be71f792b2d76cfc9b67f1ed0fec7f6\soundsystem-20120107.jar
[01:03:59] [Client thread/TRACE] [FML/]: Skipping known library file C:\Users\David\.gradle\caches\modules-2\files-2.1\io.netty\netty-all\4.0.23.Final\294104aaf1781d6a56a07d561e792c5d0c95f45\netty-all-4.0.23.Final.jar
[01:03:59] [Client thread/TRACE] [FML/]: Skipping known library file C:\Users\David\.gradle\caches\modules-2\files-2.1\com.google.guava\guava\17.0\9c6ef172e8de35fd8d4d8783e4821e57cdef7445\guava-17.0.jar
[01:03:59] [Client thread/TRACE] [FML/]: Skipping known library file C:\Users\David\.gradle\caches\modules-2\files-2.1\org.apache.commons\commons-lang3\3.3.2\90a3822c38ec8c996e84c16a3477ef632cbc87a3\commons-lang3-3.3.2.jar
[01:03:59] [Client thread/TRACE] [FML/]: Skipping known library file C:\Users\David\.gradle\caches\modules-2\files-2.1\commons-io\commons-io\2.4\b1b6ea3b7e4aa4f492509a4952029cd8e48019ad\commons-io-2.4.jar
[01:03:59] [Client thread/TRACE] [FML/]: Skipping known library file C:\Users\David\.gradle\caches\modules-2\files-2.1\commons-codec\commons-codec\1.9\9ce04e34240f674bc72680f8b843b1457383161a\commons-codec-1.9.jar
[01:03:59] [Client thread/TRACE] [FML/]: Skipping known library file C:\Users\David\.gradle\caches\modules-2\files-2.1\net.java.jinput\jinput\2.0.5\39c7796b469a600f72380316f6b1f11db6c2c7c4\jinput-2.0.5.jar
[01:03:59] [Client thread/TRACE] [FML/]: Skipping known library file C:\Users\David\.gradle\caches\modules-2\files-2.1\net.java.jutils\jutils\1.0.0\e12fe1fda814bd348c1579329c86943d2cd3c6a6\jutils-1.0.0.jar
[01:03:59] [Client thread/TRACE] [FML/]: Skipping known library file C:\Users\David\.gradle\caches\modules-2\files-2.1\com.google.code.gson\gson\2.2.4\a60a5e993c98c864010053cb901b7eab25306568\gson-2.2.4.jar
[01:03:59] [Client thread/TRACE] [FML/]: Skipping known library file C:\Users\David\.gradle\caches\modules-2\files-2.1\com.mojang\authlib\1.5.21\aefba0d5b53fbcb70860bc8046ab95d5854c07a5\authlib-1.5.21.jar
[01:03:59] [Client thread/TRACE] [FML/]: Skipping known library file C:\Users\David\.gradle\caches\modules-2\files-2.1\com.mojang\realms\1.7.48\b1d6dc687a7b80ba444a12c5bd30c3db64553443\realms-1.7.48.jar
[01:03:59] [Client thread/TRACE] [FML/]: Skipping known library file C:\Users\David\.gradle\caches\modules-2\files-2.1\org.apache.commons\commons-compress\1.8.1\a698750c16740fd5b3871425f4cb3bbaa87f529d\commons-compress-1.8.1.jar
[01:03:59] [Client thread/TRACE] [FML/]: Skipping known library file C:\Users\David\.gradle\caches\modules-2\files-2.1\org.apache.httpcomponents\httpclient\4.3.3\18f4247ff4572a074444572cee34647c43e7c9c7\httpclient-4.3.3.jar
[01:03:59] [Client thread/TRACE] [FML/]: Skipping known library file C:\Users\David\.gradle\caches\modules-2\files-2.1\commons-logging\commons-logging\1.1.3\f6f66e966c70a83ffbdb6f17a0919eaf7c8aca7f\commons-logging-1.1.3.jar
[01:03:59] [Client thread/TRACE] [FML/]: Skipping known library file C:\Users\David\.gradle\caches\modules-2\files-2.1\org.apache.httpcomponents\httpcore\4.3.2\31fbbff1ddbf98f3aa7377c94d33b0447c646b6e\httpcore-4.3.2.jar
[01:03:59] [Client thread/TRACE] [FML/]: Skipping known library file C:\Users\David\.gradle\caches\modules-2\files-2.1\org.apache.logging.log4j\log4j-api\2.0-beta9\1dd66e68cccd907880229f9e2de1314bd13ff785\log4j-api-2.0-beta9.jar
[01:03:59] [Client thread/TRACE] [FML/]: Skipping known library file C:\Users\David\.gradle\caches\modules-2\files-2.1\org.apache.logging.log4j\log4j-core\2.0-beta9\678861ba1b2e1fccb594bb0ca03114bb05da9695\log4j-core-2.0-beta9.jar
[01:03:59] [Client thread/TRACE] [FML/]: Skipping known library file C:\Users\David\.gradle\caches\modules-2\files-2.1\org.lwjgl.lwjgl\lwjgl\2.9.4-nightly-20150209\697517568c68e78ae0b4544145af031c81082dfe\lwjgl-2.9.4-nightly-20150209.jar
[01:03:59] [Client thread/TRACE] [FML/]: Skipping known library file C:\Users\David\.gradle\caches\modules-2\files-2.1\org.lwjgl.lwjgl\lwjgl_util\2.9.4-nightly-20150209\d51a7c040a721d13efdfbd34f8b257b2df882ad0\lwjgl_util-2.9.4-nightly-20150209.jar
[01:03:59] [Client thread/TRACE] [FML/]: Skipping known library file C:\Users\David\.gradle\caches\modules-2\files-2.1\tv.twitch\twitch\6.5\320a2dfd18513a5f41b4e75729df684488cbd925\twitch-6.5.jar
[01:03:59] [Client thread/TRACE] [FML/]: Skipping known library file C:\Users\David\.gradle\caches\modules-2\files-2.1\net.minecraft\launchwrapper\1.12\111e7bea9c968cdb3d06ef4632bf7ff0824d0f36\launchwrapper-1.12.jar
[01:03:59] [Client thread/DEBUG] [FML/]: Found a minecraft related file at C:\Users\David\.gradle\caches\modules-2\files-2.1\jline\jline\2.13\2d9530d0a25daffaffda7c35037b046b627bb171\jline-2.13.jar, examining for mod candidates
[01:03:59] [Client thread/DEBUG] [FML/]: Found a minecraft related file at C:\Users\David\.gradle\caches\modules-2\files-2.1\org.ow2.asm\asm-debug-all\5.0.3\f9e364ae2a66ce2a543012a4668856e84e5dab74\asm-debug-all-5.0.3.jar, examining for mod candidates
[01:03:59] [Client thread/TRACE] [FML/]: Skipping known library file C:\Users\David\.gradle\caches\modules-2\files-2.1\com.typesafe.akka\akka-actor_2.11\2.3.3\ed62e9fc709ca0f2ff1a3220daa8b70a2870078e\akka-actor_2.11-2.3.3.jar
[01:03:59] [Client thread/TRACE] [FML/]: Skipping known library file C:\Users\David\.gradle\caches\modules-2\files-2.1\com.typesafe\config\1.2.1\f771f71fdae3df231bcd54d5ca2d57f0bf93f467\config-1.2.1.jar
[01:03:59] [Client thread/TRACE] [FML/]: Skipping known library file C:\Users\David\.gradle\caches\modules-2\files-2.1\org.scala-lang\scala-actors-migration_2.11\1.1.0\dfa8bc42b181d5b9f1a5dd147f8ae308b893eb6f\scala-actors-migration_2.11-1.1.0.jar
[01:03:59] [Client thread/TRACE] [FML/]: Skipping known library file C:\Users\David\.gradle\caches\modules-2\files-2.1\org.scala-lang\scala-compiler\2.11.1\56ea2e6c025e0821f28d73ca271218b8dd04926a\scala-compiler-2.11.1.jar
[01:03:59] [Client thread/TRACE] [FML/]: Skipping known library file C:\Users\David\.gradle\caches\modules-2\files-2.1\org.scala-lang.plugins\scala-continuations-library_2.11\1.0.2\e517c53a7e9acd6b1668c5a35eccbaa3bab9aac\scala-continuations-library_2.11-1.0.2.jar
[01:03:59] [Client thread/TRACE] [FML/]: Skipping known library file C:\Users\David\.gradle\caches\modules-2\files-2.1\org.scala-lang.plugins\scala-continuations-plugin_2.11.1\1.0.2\f361a3283452c57fa30c1ee69448995de23c60f7\scala-continuations-plugin_2.11.1-1.0.2.jar
[01:03:59] [Client thread/TRACE] [FML/]: Skipping known library file C:\Users\David\.gradle\caches\modules-2\files-2.1\org.scala-lang\scala-library\2.11.1\e11da23da3eabab9f4777b9220e60d44c1aab6a\scala-library-2.11.1.jar
[01:03:59] [Client thread/TRACE] [FML/]: Skipping known library file C:\Users\David\.gradle\caches\modules-2\files-2.1\org.scala-lang.modules\scala-parser-combinators_2.11\1.0.1\f05d7345bf5a58924f2837c6c1f4d73a938e1ff0\scala-parser-combinators_2.11-1.0.1.jar
[01:03:59] [Client thread/TRACE] [FML/]: Skipping known library file C:\Users\David\.gradle\caches\modules-2\files-2.1\org.scala-lang\scala-reflect\2.11.1\6580347e61cc7f8e802941e7fde40fa83b8badeb\scala-reflect-2.11.1.jar
[01:03:59] [Client thread/TRACE] [FML/]: Skipping known library file C:\Users\David\.gradle\caches\modules-2\files-2.1\org.scala-lang.modules\scala-swing_2.11\1.0.1\b1cdd92bd47b1e1837139c1c53020e86bb9112ae\scala-swing_2.11-1.0.1.jar
[01:03:59] [Client thread/TRACE] [FML/]: Skipping known library file C:\Users\David\.gradle\caches\modules-2\files-2.1\org.scala-lang.modules\scala-xml_2.11\1.0.2\820fbca7e524b530fdadc594c39d49a21ea0337e\scala-xml_2.11-1.0.2.jar
[01:03:59] [Client thread/TRACE] [FML/]: Skipping known library file C:\Users\David\.gradle\caches\modules-2\files-2.1\lzma\lzma\0.0.1\521616dc7487b42bef0e803bd2fa3faf668101d7\lzma-0.0.1.jar
[01:03:59] [Client thread/TRACE] [FML/]: Skipping known library file C:\Users\David\.gradle\caches\modules-2\files-2.1\java3d\vecmath\1.5.2\79846ba34cbd89e2422d74d53752f993dcc2ccaf\vecmath-1.5.2.jar
[01:03:59] [Client thread/TRACE] [FML/]: Skipping known library file C:\Users\David\.gradle\caches\modules-2\files-2.1\net.sf.trove4j\trove4j\3.0.3\42ccaf4761f0dfdfa805c9e340d99a755907e2dd\trove4j-3.0.3.jar
[01:03:59] [Client thread/TRACE] [FML/]: Skipping known library file C:\Users\David\.gradle\caches\modules-2\files-2.1\net.java.jinput\jinput-platform\2.0.5\7ff832a6eb9ab6a767f1ade2b548092d0fa64795\jinput-platform-2.0.5-natives-linux.jar
[01:03:59] [Client thread/TRACE] [FML/]: Skipping known library file C:\Users\David\.gradle\caches\modules-2\files-2.1\net.java.jinput\jinput-platform\2.0.5\385ee093e01f587f30ee1c8a2ee7d408fd732e16\jinput-platform-2.0.5-natives-windows.jar
[01:03:59] [Client thread/TRACE] [FML/]: Skipping known library file C:\Users\David\.gradle\caches\modules-2\files-2.1\net.java.jinput\jinput-platform\2.0.5\53f9c919f34d2ca9de8c51fc4e1e8282029a9232\jinput-platform-2.0.5-natives-osx.jar
[01:03:59] [Client thread/TRACE] [FML/]: Skipping known library file C:\Users\David\.gradle\caches\modules-2\files-2.1\tv.twitch\twitch-platform\6.5\206c4ccaecdbcfd2a1631150c69a97bbc9c20c11\twitch-platform-6.5-natives-windows-32.jar
[01:03:59] [Client thread/TRACE] [FML/]: Skipping known library file C:\Users\David\.gradle\caches\modules-2\files-2.1\tv.twitch\twitch-platform\6.5\9fdd0fd5aed0817063dcf95b69349a171f447ebd\twitch-platform-6.5-natives-windows-64.jar
[01:03:59] [Client thread/TRACE] [FML/]: Skipping known library file C:\Users\David\.gradle\caches\modules-2\files-2.1\tv.twitch\twitch-platform\6.5\5f9d1ee26257b3a33f0ca06fed335ef462af659f\twitch-platform-6.5-natives-osx.jar
[01:03:59] [Client thread/TRACE] [FML/]: Skipping known library file C:\Users\David\.gradle\caches\modules-2\files-2.1\tv.twitch\twitch-external-platform\4.5\18215140f010c05b9f86ef6f0f8871954d2ccebf\twitch-external-platform-4.5-natives-windows-32.jar
[01:03:59] [Client thread/TRACE] [FML/]: Skipping known library file C:\Users\David\.gradle\caches\modules-2\files-2.1\tv.twitch\twitch-external-platform\4.5\c3cde57891b935d41b6680a9c5e1502eeab76d86\twitch-external-platform-4.5-natives-windows-64.jar
[01:03:59] [Client thread/DEBUG] [FML/]: Found a minecraft related file at C:\Users\David\.gradle\caches\modules-2\files-2.1\org.fusesource.jansi\jansi\1.11\655c643309c2f45a56a747fda70e3fadf57e9f11\jansi-1.11.jar, examining for mod candidates
[01:03:59] [Client thread/TRACE] [FML/]: Skipping known library file C:\Users\David\.gradle\caches\modules-2\files-2.1\org.scala-lang\scala-actors\2.11.0\8ccfb6541de179bb1c4d45cf414acee069b7f78b\scala-actors-2.11.0.jar
[01:03:59] [Client thread/TRACE] [FML/]: Skipping known library file C:\Users\David\.gradle\caches\modules-2\files-2.1\org.lwjgl.lwjgl\lwjgl-platform\2.9.4-nightly-20150209\b84d5102b9dbfabfeb5e43c7e2828d98a7fc80e0\lwjgl-platform-2.9.4-nightly-20150209-natives-windows.jar
[01:03:59] [Client thread/TRACE] [FML/]: Skipping known library file C:\Users\David\.gradle\caches\modules-2\files-2.1\org.lwjgl.lwjgl\lwjgl-platform\2.9.4-nightly-20150209\931074f46c795d2f7b30ed6395df5715cfd7675b\lwjgl-platform-2.9.4-nightly-20150209-natives-linux.jar
[01:03:59] [Client thread/TRACE] [FML/]: Skipping known library file C:\Users\David\.gradle\caches\modules-2\files-2.1\org.lwjgl.lwjgl\lwjgl-platform\2.9.4-nightly-20150209\bcab850f8f487c3f4c4dbabde778bb82bd1a40ed\lwjgl-platform-2.9.4-nightly-20150209-natives-osx.jar
[01:03:59] [Client thread/DEBUG] [FML/]: Found a minecraft related file at C:\Users\David\.gradle\caches\modules-2\files-2.1\com.google.code.findbugs\jsr305\2.0.1\516c03b21d50a644d538de0f0369c620989cd8f0\jsr305-2.0.1.jar, examining for mod candidates
[01:03:59] [Client thread/DEBUG] [FML/]: Found a minecraft related file at C:\Users\David\.gradle\caches\minecraft\deobfedDeps\compileDummy.jar, examining for mod candidates
[01:03:59] [Client thread/DEBUG] [FML/]: Found a minecraft related file at C:\Users\David\.gradle\caches\minecraft\deobfedDeps\providedDummy.jar, examining for mod candidates
[01:03:59] [Client thread/DEBUG] [FML/]: Found a minecraft related directory at C:\Users\David\.gradle\caches\minecraft\net\minecraftforge\forge\1.8.9-11.15.0.1674\start, examining for mod candidates
[01:03:59] [Client thread/DEBUG] [FML/]: Minecraft jar mods loaded successfully
[01:03:59] [Client thread/INFO] [FML/]: Found 0 mods from the command line. Injecting into mod discoverer
[01:03:59] [Client thread/INFO] [FML/]: Searching C:\Users\David\Documents\MC\forge-1.8.9\mods for mods
[01:03:59] [Client thread/DEBUG] [FML/]: Examining directory bin for potential mods
[01:03:59] [Client thread/DEBUG] [FML/]: Found an mcmod.info file in directory bin
[01:03:59] [Client thread/TRACE] [FML/]: Recursing into package assets
[01:03:59] [Client thread/TRACE] [FML/]: Recursing into package assets.betterfoliage
[01:03:59] [Client thread/TRACE] [FML/]: Recursing into package assets.betterfoliage.lang
[01:03:59] [Client thread/TRACE] [FML/]: Recursing into package assets.betterfoliage.textures
[01:03:59] [Client thread/TRACE] [FML/]: Recursing into package assets.betterfoliage.textures.blocks
[01:03:59] [Client thread/TRACE] [FML/]: Recursing into package assets.bettergrassandleaves
[01:03:59] [Client thread/TRACE] [FML/]: Recursing into package assets.bettergrassandleaves.textures
[01:03:59] [Client thread/TRACE] [FML/]: Recursing into package assets.bettergrassandleaves.textures.blocks
[01:03:59] [Client thread/TRACE] [FML/]: Recursing into package META-INF
[01:03:59] [Client thread/TRACE] [FML/]: Recursing into package mods
[01:03:59] [Client thread/TRACE] [FML/]: Recursing into package mods.betterfoliage
[01:03:59] [Client thread/DEBUG] [FML/]: Identified a mod of type Lnet/minecraftforge/fml/common/Mod; (mods.betterfoliage.BetterFoliage) - loading
[01:03:59] [Client thread/TRACE] [BetterFoliage/]: Parsed dependency info : [Forge@[11.14.0.1292,)] [Forge@[11.14.0.1292,)] []
[01:03:59] [Client thread/DEBUG] [BetterFoliage/]: Attempting to load the file version.properties from bin to locate a version number for BetterFoliage
[01:03:59] [Client thread/WARN] [BetterFoliage/]: Mod BetterFoliage is missing the required element 'version' and a version.properties file could not be found. Falling back to metadata version $version
[01:03:59] [Client thread/TRACE] [FML/]: Recursing into package mods.betterfoliage.client
[01:03:59] [Client thread/TRACE] [FML/]: Recursing into package mods.betterfoliage.client.event
[01:03:59] [Client thread/TRACE] [FML/]: Recursing into package mods.betterfoliage.client.gui
[01:03:59] [Client thread/TRACE] [FML/]: Recursing into package mods.betterfoliage.client.integration
[01:03:59] [Client thread/TRACE] [FML/]: Recursing into package mods.betterfoliage.client.misc
[01:03:59] [Client thread/TRACE] [FML/]: Recursing into package mods.betterfoliage.client.render
[01:03:59] [Client thread/TRACE] [FML/]: Recursing into package mods.betterfoliage.client.render.impl
[01:03:59] [Client thread/TRACE] [FML/]: Recursing into package mods.betterfoliage.client.render.impl.primitives
[01:03:59] [Client thread/TRACE] [FML/]: Recursing into package mods.betterfoliage.client.texture
[01:03:59] [Client thread/TRACE] [FML/]: Recursing into package mods.betterfoliage.client.texture.generator
[01:04:00] [Client thread/TRACE] [FML/]: Recursing into package mods.betterfoliage.client.texture.models
[01:04:00] [Client thread/TRACE] [FML/]: Recursing into package mods.betterfoliage.client.util
[01:04:00] [Client thread/TRACE] [FML/]: Recursing into package mods.betterfoliage.common
[01:04:00] [Client thread/TRACE] [FML/]: Recursing into package mods.betterfoliage.common.config
[01:04:00] [Client thread/TRACE] [FML/]: Recursing into package mods.betterfoliage.loader
[01:04:00] [Client thread/TRACE] [FML/]: Recursing into package mods.betterfoliage.loader.impl
[01:04:00] [Client thread/TRACE] [FML/]: Recursing into package net
[01:04:00] [Client thread/TRACE] [FML/]: Recursing into package net.minecraft
[01:04:00] [Client thread/TRACE] [FML/]: Recursing into package net.minecraft.client
[01:04:00] [Client thread/TRACE] [FML/]: Recursing into package net.minecraft.client.renderer
[01:04:00] [Client thread/DEBUG] [FML/]: Examining file forgeSrc-1.8.9-11.15.0.1674.jar for potential mods
[01:04:00] [Client thread/DEBUG] [FML/]: The mod container forgeSrc-1.8.9-11.15.0.1674.jar appears to be missing an mcmod.info file
[01:04:01] [Client thread/DEBUG] [FML/]: Examining file oshi-core-1.1.jar for potential mods
[01:04:01] [Client thread/DEBUG] [FML/]: The mod container oshi-core-1.1.jar appears to be missing an mcmod.info file
[01:04:01] [Client thread/DEBUG] [FML/]: Examining file jna-3.4.0.jar for potential mods
[01:04:01] [Client thread/DEBUG] [FML/]: The mod container jna-3.4.0.jar appears to be missing an mcmod.info file
[01:04:01] [Client thread/DEBUG] [FML/]: Examining file platform-3.4.0.jar for potential mods
[01:04:01] [Client thread/DEBUG] [FML/]: The mod container platform-3.4.0.jar appears to be missing an mcmod.info file
[01:04:01] [Client thread/DEBUG] [FML/]: Examining file libraryjavasound-20101123.jar for potential mods
[01:04:01] [Client thread/DEBUG] [FML/]: The mod container libraryjavasound-20101123.jar appears to be missing an mcmod.info file
[01:04:01] [Client thread/DEBUG] [FML/]: Examining file jline-2.13.jar for potential mods
[01:04:01] [Client thread/DEBUG] [FML/]: The mod container jline-2.13.jar appears to be missing an mcmod.info file
[01:04:01] [Client thread/DEBUG] [FML/]: Examining file asm-debug-all-5.0.3.jar for potential mods
[01:04:01] [Client thread/DEBUG] [FML/]: The mod container asm-debug-all-5.0.3.jar appears to be missing an mcmod.info file
[01:04:01] [Client thread/DEBUG] [FML/]: Examining file jansi-1.11.jar for potential mods
[01:04:01] [Client thread/DEBUG] [FML/]: The mod container jansi-1.11.jar appears to be missing an mcmod.info file
[01:04:01] [Client thread/DEBUG] [FML/]: Examining file jsr305-2.0.1.jar for potential mods
[01:04:01] [Client thread/DEBUG] [FML/]: The mod container jsr305-2.0.1.jar appears to be missing an mcmod.info file
[01:04:01] [Client thread/DEBUG] [FML/]: Examining file compileDummy.jar for potential mods
[01:04:01] [Client thread/DEBUG] [FML/]: The mod container compileDummy.jar appears to be missing an mcmod.info file
[01:04:01] [Client thread/DEBUG] [FML/]: Examining file providedDummy.jar for potential mods
[01:04:01] [Client thread/DEBUG] [FML/]: The mod container providedDummy.jar appears to be missing an mcmod.info file
[01:04:01] [Client thread/DEBUG] [FML/]: Examining directory start for potential mods
[01:04:01] [Client thread/DEBUG] [FML/]: No mcmod.info file found in directory start
[01:04:01] [Client thread/TRACE] [FML/]: Recursing into package net
[01:04:01] [Client thread/TRACE] [FML/]: Recursing into package net.minecraftforge
[01:04:01] [Client thread/TRACE] [FML/]: Recursing into package net.minecraftforge.gradle
[01:04:01] [Client thread/TRACE] [FML/]: Recursing into package net.minecraftforge.gradle.tweakers
[01:04:01] [Client thread/INFO] [FML/]: Forge Mod Loader has identified 4 mods to load
[01:04:01] [Client thread/TRACE] [FML/]: Received a system property request ''
[01:04:01] [Client thread/TRACE] [FML/]: System property request managing the state of 0 mods
[01:04:01] [Client thread/DEBUG] [FML/]: After merging, found state information for 0 mods
[01:04:01] [Client thread/DEBUG] [FML/]: Found translations in forgeSrc-1.8.9-11.15.0.1674.jar [en_US, en_US]
[01:04:01] [Client thread/DEBUG] [FML/]: Found translations in forgeSrc-1.8.9-11.15.0.1674.jar [en_US, en_US]
[01:04:01] [Client thread/DEBUG] [BetterFoliage/]: Enabling mod BetterFoliage
[01:04:01] [Client thread/DEBUG] [FML/]: Injecting found translation assets for lang en_US at assets/betterfoliage/lang/en_US.lang into language system
[01:04:01] [Client thread/TRACE] [FML/]: Verifying mod requirements are satisfied
[01:04:01] [Client thread/ERROR] [FML/]: The mod BetterFoliage does not wish to run in Minecraft version Minecraft 1.8.9. You will have to remove it to play.
[01:04:01] [Client thread/DEBUG] [FML/]: Mod sorting data
[01:04:01] [Client thread/DEBUG] [FML/]: 	BetterFoliage(Better Foliage:$version): bin (required-after:Forge@[11.14.0.1292,))
[01:04:01] [Client thread/DEBUG] [FML/]: Bar Step: Loading Resources - Default took 0.004s
[01:04:01] [Client thread/DEBUG] [FML/]: Bar Step: Loading Resources - FMLFileResourcePack:Forge Mod Loader took 0.011s
[01:04:01] [Client thread/DEBUG] [FML/]: Bar Step: Loading Resources - FMLFileResourcePack:Minecraft Forge took 0.009s
[01:04:01] [Client thread/DEBUG] [FML/]: Bar Step: Loading Resources - FMLFileResourcePack:Better Foliage took 0.003s
[01:04:01] [Client thread/DEBUG] [FML/]: Bar Finished: Reloading - LanguageManager took 0.043s
[01:04:01] [Client thread/DEBUG] [FML/]: Bar Step: Loading Resources - Reloading listeners took 0.044s
[01:04:01] [Client thread/DEBUG] [FML/]: Bar Finished: Loading Resources took 0.071s
[01:04:01] [Client thread/DEBUG] [Forge Mod Loader/]: Mod Forge Mod Loader is missing a pack.mcmeta file, substituting a dummy one
[01:04:01] [Client thread/DEBUG] [Minecraft Forge/]: Mod Minecraft Forge is missing a pack.mcmeta file, substituting a dummy one
[01:04:01] [Client thread/WARN] [FML/]: There were errors previously. Not beginning mod initialization phase
[01:04:01] [Client thread/DEBUG] [FML/]: Bar Finished: Loading Resource - TextureManager took 0.000s
[01:04:14] [Client thread/DEBUG] [FML/]: Bar Finished: Loading Resource - SoundHandler took 11.789s
[01:04:14] [Client thread/DEBUG] [FML/]: Bar Finished: Loading Resource - FontRenderer took 0.006s
[01:04:14] [Client thread/DEBUG] [FML/]: Bar Finished: Loading Resource - FontRenderer took 0.005s
[01:04:14] [Client thread/DEBUG] [FML/]: Bar Finished: Loading Resource - GrassColorReloadListener took 0.075s
[01:04:14] [Client thread/DEBUG] [FML/]: Bar Finished: Loading Resource - FoliageColorReloadListener took 0.011s
[01:04:14] [Client thread/DEBUG] [FML/]: Bar Step: Rendering Setup - GL Setup took 0.000s
[01:04:14] [Client thread/DEBUG] [FML/]: Bar Step: Rendering Setup - Loading Texture Map took 0.012s
[01:04:14] [Client thread/DEBUG] [FML/]: Bar Finished: Loading Resource - ModelLoaderRegistry$1 took 0.000s
[01:04:14] [Client thread/DEBUG] [FML/]: Bar Finished: Loading Resource - ModelLoaderRegistry$1 took 0.000s
[01:04:14] [Client thread/DEBUG] [FML/]: Bar Finished: Loading Resource - ModelLoaderRegistry$1 took 0.000s
[01:04:14] [Client thread/DEBUG] [FML/]: Bar Finished: Loading Resource - ModelLoaderRegistry$1 took 0.000s
[01:04:14] [Client thread/DEBUG] [FML/]: Bar Finished: Loading Resource - ModelLoaderRegistry$1 took 0.000s
[01:04:14] [Client thread/DEBUG] [FML/]: Bar Finished: Loading Resource - ModelLoaderRegistry$1 took 0.000s
[01:04:15] [Client thread/INFO] [FML/]: Max texture size: 16384
[01:04:15] [Client thread/DEBUG] [FML/]: Bar Finished: Texture stitching - missingno took 0.004s
[01:04:15] [Client thread/DEBUG] [FML/]: Bar Finished: Texture creation took 0.006s
[01:04:16] [Client thread/DEBUG] [FML/]: Bar Finished: Loading Resource - ModelManager took 2.048s
[01:04:16] [Client thread/DEBUG] [FML/]: Bar Step: Rendering Setup - Loading Model Manager took 2.112s
[01:04:16] [Client thread/DEBUG] [FML/]: Bar Finished: Loading Resource - RenderItem took 0.002s
[01:04:16] [Client thread/DEBUG] [FML/]: Bar Step: Rendering Setup - Loading Item Renderer took 0.268s
[01:04:16] [Client thread/DEBUG] [FML/]: Bar Finished: Loading Resource - EntityRenderer took 0.000s
[01:04:16] [Client thread/DEBUG] [FML/]: Bar Finished: Loading Resource - BlockRendererDispatcher took 0.000s
[01:04:16] [Client thread/DEBUG] [FML/]: Bar Finished: Loading Resource - RenderGlobal took 0.000s
[01:04:16] [Client thread/DEBUG] [FML/]: Bar Step: Rendering Setup - Loading Entity Renderer took 0.283s
[01:04:16] [Client thread/DEBUG] [FML/]: Bar Finished: Rendering Setup took 2.676s
